android/app/build/intermediates/manifest_merge_blame_file/debug/processDebugMainManifest/manifest-merger-blame-debug-report.txt
1<?xml version="1.0" encoding="utf-8"?>
2<manifest xmlns:android="http://schemas.android.com/apk/res/android"
3    package="com.example.qparking"
4    android:versionCode="1"
5    android:versionName="1.0.0" >
6
7    <uses-sdk
8        android:minSdkVersion="21"
9        android:targetSdkVersion="34" />
10    <!--
11         The INTERNET permission is required for development. Specifically,
12         the Flutter tool needs it to communicate with the running application
13         to allow setting breakpoints, to provide hot reload, etc.
14    -->
15    <uses-permission android:name="android.permission.INTERNET" />
15-->src\main\AndroidManifest.xml:4:5-66
15-->src\main\AndroidManifest.xml:4:22-64
16    <!-- Permissions for Geolocation (Geolocator) -->
17    <uses-permission android:name="android.permission.ACCESS_FINE_LOCATION" />
17-->src\main\AndroidManifest.xml:6:5-78
17-->src\main\AndroidManifest.xml:6:22-76
18    <uses-permission android:name="android.permission.ACCESS_COARSE_LOCATION" /> <!-- Permission for Biometrics (Fingerprint/Face ID) -->
18-->src\main\AndroidManifest.xml:7:5-80
18-->src\main\AndroidManifest.xml:7:22-78
19    <uses-permission android:name="android.permission.USE_BIOMETRIC" />
19-->src\main\AndroidManifest.xml:9:5-71
19-->src\main\AndroidManifest.xml:9:22-69
20
21    <queries>
21-->src\main\AndroidManifest.xml:43:5-48:15
22        <intent>
22-->src\main\AndroidManifest.xml:44:9-47:18
23            <action android:name="android.intent.action.PROCESS_TEXT" />
23-->src\main\AndroidManifest.xml:45:13-72
23-->src\main\AndroidManifest.xml:45:21-70
24
25            <data android:mimeType="text/plain" />
25-->src\main\AndroidManifest.xml:46:13-50
25-->src\main\AndroidManifest.xml:46:19-48
26        </intent>
27        <!-- Needs to be explicitly declared on Android R+ -->
28        <package android:name="com.google.android.apps.maps" />
28-->[com.google.android.gms:play-services-maps:18.2.0] AndroidManifest.xml:33:9-64
28-->[com.google.android.gms:play-services-maps:18.2.0] AndroidManifest.xml:33:18-61
29    </queries>
30
31    <uses-permission android:name="android.permission.VIBRATE" /> <!-- suppress DeprecatedClassUsageInspection -->
31-->[:vibration] AndroidManifest.xml:7:5-66
31-->[:vibration] AndroidManifest.xml:7:22-63
32    <uses-permission android:name="android.permission.USE_FINGERPRINT" /> <!-- Include required permissions for Google Maps API to run. -->
32-->[androidx.biometric:biometric:1.1.0] AndroidManifest.xml:27:5-74
32-->[androidx.biometric:biometric:1.1.0] AndroidManifest.xml:27:22-71
33    <uses-permission android:name="android.permission.ACCESS_NETWORK_STATE" />
33-->[com.google.android.gms:play-services-maps:18.2.0] AndroidManifest.xml:23:5-79
33-->[com.google.android.gms:play-services-maps:18.2.0] AndroidManifest.xml:23:22-76
34
35    <uses-feature
35-->[com.google.android.gms:play-services-maps:18.2.0] AndroidManifest.xml:26:5-28:35
36        android:glEsVersion="0x00020000"
36-->[com.google.android.gms:play-services-maps:18.2.0] AndroidManifest.xml:27:9-41
37        android:required="true" />
37-->[com.google.android.gms:play-services-maps:18.2.0] AndroidManifest.xml:28:9-32
38
39    <permission
39-->[androidx.core:core:1.13.1] AndroidManifest.xml:22:5-24:47
40        android:name="com.example.qparking.DYNAMIC_RECEIVER_NOT_EXPORTED_PERMISSION"
40-->[androidx.core:core:1.13.1] AndroidManifest.xml:23:9-81
41        android:protectionLevel="signature" />
41-->[androidx.core:core:1.13.1] AndroidManifest.xml:24:9-44
42
43    <uses-permission android:name="com.example.qparking.DYNAMIC_RECEIVER_NOT_EXPORTED_PERMISSION" />
43-->[androidx.core:core:1.13.1] AndroidManifest.xml:26:5-97
43-->[androidx.core:core:1.13.1] AndroidManifest.xml:26:22-94
44
45    <application
46        android:name="android.app.Application"
47        android:appComponentFactory="androidx.core.app.CoreComponentFactory"
47-->[androidx.core:core:1.13.1] AndroidManifest.xml:28:18-86
48        android:debuggable="true"
49        android:extractNativeLibs="true"
50        android:icon="@mipmap/ic_launcher"
51        android:label="qparking" >
52        <meta-data
53            android:name="com.google.android.geo.API_KEY"
54            android:value="AIzaSyBSJHxqHMxHPyx_y0BnVJk35eZIPg5O64Q" />
55
56        <activity
57            android:name="com.example.qparking.MainActivity"
58            android:configChanges="orientation|keyboardHidden|keyboard|screenSize|smallestScreenSize|locale|layoutDirection|fontScale|screenLayout|density|uiMode"
59            android:exported="true"
60            android:hardwareAccelerated="true"
61            android:launchMode="singleTop"
62            android:taskAffinity=""
63            android:theme="@style/LaunchTheme"
64            android:windowSoftInputMode="adjustResize" >
65            <meta-data
66                android:name="io.flutter.embedding.android.NormalTheme"
67                android:resource="@style/NormalTheme" />
68
69            <intent-filter>
70                <action android:name="android.intent.action.MAIN" />
71
72                <category android:name="android.intent.category.LAUNCHER" />
73            </intent-filter>
74        </activity>
75
76        <meta-data
77            android:name="flutterEmbedding"
78            android:value="2" />
79
80        <service
80-->[:geolocator_android] AndroidManifest.xml:8:9-12:56
81            android:name="com.baseflow.geolocator.GeolocatorLocationService"
81-->[:geolocator_android] AndroidManifest.xml:9:13-77
82            android:enabled="true"
82-->[:geolocator_android] AndroidManifest.xml:10:13-35
83            android:exported="false"
83-->[:geolocator_android] AndroidManifest.xml:11:13-37
84            android:foregroundServiceType="location" />
84-->[:geolocator_android] AndroidManifest.xml:12:13-53
85
86        <uses-library
86-->[androidx.window:window:1.2.0] AndroidManifest.xml:23:9-25:40
87            android:name="androidx.window.extensions"
87-->[androidx.window:window:1.2.0] AndroidManifest.xml:24:13-54
88            android:required="false" />
88-->[androidx.window:window:1.2.0] AndroidManifest.xml:25:13-37
89        <uses-library
89-->[androidx.window:window:1.2.0] AndroidManifest.xml:26:9-28:40
90            android:name="androidx.window.sidecar"
90-->[androidx.window:window:1.2.0] AndroidManifest.xml:27:13-51
91            android:required="false" /> <!-- Needs to be explicitly declared on P+ -->
91-->[androidx.window:window:1.2.0] AndroidManifest.xml:28:13-37
92        <uses-library
92-->[com.google.android.gms:play-services-maps:18.2.0] AndroidManifest.xml:39:9-41:40
93            android:name="org.apache.http.legacy"
93-->[com.google.android.gms:play-services-maps:18.2.0] AndroidManifest.xml:40:13-50
94            android:required="false" />
94-->[com.google.android.gms:play-services-maps:18.2.0] AndroidManifest.xml:41:13-37
95
96        <activity
96-->[com.google.android.gms:play-services-base:18.1.0] AndroidManifest.xml:20:9-22:45
97            android:name="com.google.android.gms.common.api.GoogleApiActivity"
97-->[com.google.android.gms:play-services-base:18.1.0] AndroidManifest.xml:20:19-85
98            android:exported="false"
98-->[com.google.android.gms:play-services-base:18.1.0] AndroidManifest.xml:22:19-43
99            android:theme="@android:style/Theme.Translucent.NoTitleBar" />
99-->[com.google.android.gms:play-services-base:18.1.0] AndroidManifest.xml:21:19-78
100
101        <meta-data
101-->[com.google.android.gms:play-services-basement:18.1.0] AndroidManifest.xml:21:9-23:69
102            android:name="com.google.android.gms.version"
102-->[com.google.android.gms:play-services-basement:18.1.0] AndroidManifest.xml:22:13-58
103            android:value="@integer/google_play_services_version" />
103-->[com.google.android.gms:play-services-basement:18.1.0] AndroidManifest.xml:23:13-66
104
105        <provider
105-->[androidx.lifecycle:lifecycle-process:2.7.0] AndroidManifest.xml:24:9-32:20
106            android:name="androidx.startup.InitializationProvider"
106-->[androidx.lifecycle:lifecycle-process:2.7.0] AndroidManifest.xml:25:13-67
107            android:authorities="com.example.qparking.androidx-startup"
107-->[androidx.lifecycle:lifecycle-process:2.7.0] AndroidManifest.xml:26:13-68
108            android:exported="false" >
108-->[androidx.lifecycle:lifecycle-process:2.7.0] AndroidManifest.xml:27:13-37
109            <meta-data
109-->[androidx.lifecycle:lifecycle-process:2.7.0] AndroidManifest.xml:29:13-31:52
110                android:name="androidx.lifecycle.ProcessLifecycleInitializer"
110-->[androidx.lifecycle:lifecycle-process:2.7.0] AndroidManifest.xml:30:17-78
111                android:value="androidx.startup" />
111-->[androidx.lifecycle:lifecycle-process:2.7.0] AndroidManifest.xml:31:17-49
112            <meta-data
112-->[androidx.profileinstaller:profileinstaller:1.3.1] AndroidManifest.xml:29:13-31:52
113                android:name="androidx.profileinstaller.ProfileInstallerInitializer"
113-->[androidx.profileinstaller:profileinstaller:1.3.1] AndroidManifest.xml:30:17-85
114                android:value="androidx.startup" />
114-->[androidx.profileinstaller:profileinstaller:1.3.1] AndroidManifest.xml:31:17-49
115        </provider>
116
117        <receiver
117-->[androidx.profileinstaller:profileinstaller:1.3.1] AndroidManifest.xml:34:9-52:20
118            android:name="androidx.profileinstaller.ProfileInstallReceiver"
118-->[androidx.profileinstaller:profileinstaller:1.3.1] AndroidManifest.xml:35:13-76
119            android:directBootAware="false"
119-->[androidx.profileinstaller:profileinstaller:1.3.1] AndroidManifest.xml:36:13-44
120            android:enabled="true"
120-->[androidx.profileinstaller:profileinstaller:1.3.1] AndroidManifest.xml:37:13-35
121            android:exported="true"
121-->[androidx.profileinstaller:profileinstaller:1.3.1] AndroidManifest.xml:38:13-36
122            android:permission="android.permission.DUMP" >
122-->[androidx.profileinstaller:profileinstaller:1.3.1] AndroidManifest.xml:39:13-57
123            <intent-filter>
123-->[androidx.profileinstaller:profileinstaller:1.3.1] AndroidManifest.xml:40:13-42:29
124                <action android:name="androidx.profileinstaller.action.INSTALL_PROFILE" />
124-->[androidx.profileinstaller:profileinstaller:1.3.1] AndroidManifest.xml:41:17-91
124-->[androidx.profileinstaller:profileinstaller:1.3.1] AndroidManifest.xml:41:25-88
125            </intent-filter>
126            <intent-filter>
126-->[androidx.profileinstaller:profileinstaller:1.3.1] AndroidManifest.xml:43:13-45:29
127                <action android:name="androidx.profileinstaller.action.SKIP_FILE" />
127-->[androidx.profileinstaller:profileinstaller:1.3.1] AndroidManifest.xml:44:17-85
127-->[androidx.profileinstaller:profileinstaller:1.3.1] AndroidManifest.xml:44:25-82
128            </intent-filter>
129            <intent-filter>
129-->[androidx.profileinstaller:profileinstaller:1.3.1] AndroidManifest.xml:46:13-48:29
130                <action android:name="androidx.profileinstaller.action.SAVE_PROFILE" />
130-->[androidx.profileinstaller:profileinstaller:1.3.1] AndroidManifest.xml:47:17-88
130-->[androidx.profileinstaller:profileinstaller:1.3.1] AndroidManifest.xml:47:25-85
131            </intent-filter>
132            <intent-filter>
132-->[androidx.profileinstaller:profileinstaller:1.3.1] AndroidManifest.xml:49:13-51:29
133                <action android:name="androidx.profileinstaller.action.BENCHMARK_OPERATION" />
133-->[androidx.profileinstaller:profileinstaller:1.3.1] AndroidManifest.xml:50:17-95
133-->[androidx.profileinstaller:profileinstaller:1.3.1] AndroidManifest.xml:50:25-92
134            </intent-filter>
135        </receiver>
136    </application>
137
138</manifest>